ConsoleApplication1.obj : error LNK2019: 无法解析的外部符号 sdot_，函数 "double __cdecl arma::blas::dot<double>(unsigned __int64,double const *,double const *)" (??$dot@N@blas@arma@@YAN_KPEBN1@Z) 中引用了该符号
ConsoleApplication1.obj : error LNK2019: 无法解析的外部符号 ddot_，函数 "double __cdecl arma::blas::dot<double>(unsigned __int64,double const *,double const *)" (??$dot@N@blas@arma@@YAN_KPEBN1@Z) 中引用了该符号
ConsoleApplication1.obj : error LNK2019: 无法解析的外部符号 sgemv_，函数 "void __cdecl arma::blas::gemv<double>(char const *,int const *,int const *,double const *,double const *,int const *,double const *,int const *,double const *,double *,int const *)" (??$gemv@N@blas@arma@@YAXPEBDPEBH1PEBN21212PEAN1@Z) 中引用了该符号
ConsoleApplication1.obj : error LNK2019: 无法解析的外部符号 dgemv_，函数 "void __cdecl arma::blas::gemv<double>(char const *,int const *,int const *,double const *,double const *,int const *,double const *,int const *,double const *,double *,int const *)" (??$gemv@N@blas@arma@@YAXPEBDPEBH1PEBN21212PEAN1@Z) 中引用了该符号
ConsoleApplication1.obj : error LNK2019: 无法解析的外部符号 cgemv_，函数 "void __cdecl arma::blas::gemv<double>(char const *,int const *,int const *,double const *,double const *,int const *,double const *,int const *,double const *,double *,int const *)" (??$gemv@N@blas@arma@@YAXPEBDPEBH1PEBN21212PEAN1@Z) 中引用了该符号
ConsoleApplication1.obj : error LNK2019: 无法解析的外部符号 zgemv_，函数 "void __cdecl arma::blas::gemv<double>(char const *,int const *,int const *,double const *,double const *,int const *,double const *,int const *,double const *,double *,int const *)" (??$gemv@N@blas@arma@@YAXPEBDPEBH1PEBN21212PEAN1@Z) 中引用了该符号
ConsoleApplication1.obj : error LNK2019: 无法解析的外部符号 sgemm_，函数 "void __cdecl arma::blas::gemm<double>(char const *,char const *,int const *,int const *,int const *,double const *,double const *,int const *,double const *,int const *,double const *,double *,int const *)" (??$gemm@N@blas@arma@@YAXPEBD0PEBH11PEBN21212PEAN1@Z) 中引用了该符号
ConsoleApplication1.obj : error LNK2019: 无法解析的外部符号 dgemm_，函数 "void __cdecl arma::blas::gemm<double>(char const *,char const *,int const *,int const *,int const *,double const *,double const *,int const *,double const *,int const *,double const *,double *,int const *)" (??$gemm@N@blas@arma@@YAXPEBD0PEBH11PEBN21212PEAN1@Z) 中引用了该符号
ConsoleApplication1.obj : error LNK2019: 无法解析的外部符号 cgemm_，函数 "void __cdecl arma::blas::gemm<double>(char const *,char const *,int const *,int const *,int const *,double const *,double const *,int const *,double const *,int const *,double const *,double *,int const *)" (??$gemm@N@blas@arma@@YAXPEBD0PEBH11PEBN21212PEAN1@Z) 中引用了该符号
ConsoleApplication1.obj : error LNK2019: 无法解析的外部符号 zgemm_，函数 "void __cdecl arma::blas::gemm<double>(char const *,char const *,int const *,int const *,int const *,double const *,double const *,int const *,double const *,int const *,double const *,double *,int const *)" (??$gemm@N@blas@arma@@YAXPEBD0PEBH11PEBN21212PEAN1@Z) 中引用了该符号
ConsoleApplication1.obj : error LNK2019: 无法解析的外部符号 ssyrk_，函数 "void __cdecl arma::blas::syrk<double>(char const *,char const *,int const *,int const *,double const *,double const *,int const *,double const *,double *,int const *)" (??$syrk@N@blas@arma@@YAXPEBD0PEBH1PEBN212PEAN1@Z) 中引用了该符号
ConsoleApplication1.obj : error LNK2019: 无法解析的外部符号 dsyrk_，函数 "void __cdecl arma::blas::syrk<double>(char const *,char const *,int const *,int const *,double const *,double const *,int const *,double const *,double *,int const *)" (??$syrk@N@blas@arma@@YAXPEBD0PEBH1PEBN212PEAN1@Z) 中引用了该符号
ConsoleApplication1.obj : error LNK2019: 无法解析的外部符号 sgesv_，函数 "void __cdecl arma::lapack::gesv<double>(int *,int *,double *,int *,int *,double *,int *,int *)" (??$gesv@N@lapack@arma@@YAXPEAH0PEAN00100@Z) 中引用了该符号
ConsoleApplication1.obj : error LNK2019: 无法解析的外部符号 dgesv_，函数 "void __cdecl arma::lapack::gesv<double>(int *,int *,double *,int *,int *,double *,int *,int *)" (??$gesv@N@lapack@arma@@YAXPEAH0PEAN00100@Z) 中引用了该符号
ConsoleApplication1.obj : error LNK2019: 无法解析的外部符号 cgesv_，函数 "void __cdecl arma::lapack::gesv<double>(int *,int *,double *,int *,int *,double *,int *,int *)" (??$gesv@N@lapack@arma@@YAXPEAH0PEAN00100@Z) 中引用了该符号
ConsoleApplication1.obj : error LNK2019: 无法解析的外部符号 zgesv_，函数 "void __cdecl arma::lapack::gesv<double>(int *,int *,double *,int *,int *,double *,int *,int *)" (??$gesv@N@lapack@arma@@YAXPEAH0PEAN00100@Z) 中引用了该符号
ConsoleApplication1.obj : error LNK2019: 无法解析的外部符号 sposv_，函数 "void __cdecl arma::lapack::posv<double>(char *,int *,int *,double *,int *,double *,int *,int *)" (??$posv@N@lapack@arma@@YAXPEADPEAH1PEAN1211@Z) 中引用了该符号
ConsoleApplication1.obj : error LNK2019: 无法解析的外部符号 dposv_，函数 "void __cdecl arma::lapack::posv<double>(char *,int *,int *,double *,int *,double *,int *,int *)" (??$posv@N@lapack@arma@@YAXPEADPEAH1PEAN1211@Z) 中引用了该符号
ConsoleApplication1.obj : error LNK2019: 无法解析的外部符号 cposv_，函数 "void __cdecl arma::lapack::posv<double>(char *,int *,int *,double *,int *,double *,int *,int *)" (??$posv@N@lapack@arma@@YAXPEADPEAH1PEAN1211@Z) 中引用了该符号
ConsoleApplication1.obj : error LNK2019: 无法解析的外部符号 zposv_，函数 "void __cdecl arma::lapack::posv<double>(char *,int *,int *,double *,int *,double *,int *,int *)" (??$posv@N@lapack@arma@@YAXPEADPEAH1PEAN1211@Z) 中引用了该符号
D:\code\cfd\cpp\ConsoleApplication1\x64\Debug\ConsoleApplication1.exe : fatal error LNK1120: 20 个无法解析的外部命令
